  [1m[35m (197.8ms)[0m  [1m[35mCREATE DATABASE "whats_in_my_food_7_development" ENCODING = 'unicode'[0m
  [1m[35m (59.7ms)[0m  [1m[35mCREATE DATABASE "whats_in_my_food_7_test" ENCODING = 'unicode'[0m
  [1m[35m (8.4ms)[0m  [1m[35mCREATE TABLE "schema_migrations" ("version" character varying NOT NULL PRIMARY KEY)[0m
  [1m[35m (2.1ms)[0m  [1m[35mCREATE TABLE "ar_internal_metadata" ("key" character varying NOT NULL PRIMARY KEY, "value" character varying, "created_at" timestamp(6) NOT NULL, "updated_at" timestamp(6) NOT NULL)[0m
  [1m[35m (0.6ms)[0m  [1m[34mSELECT pg_try_advisory_lock(5827040543473651110)[0m
  [1m[36mActiveRecord::SchemaMigration Load (0.3ms)[0m  [1m[34mSELECT "schema_migrations"."version" FROM "schema_migrations" ORDER BY "schema_migrations"."version" ASC[0m
  [1m[36mActiveRecord::InternalMetadata Load (1.4ms)[0m  [1m[34mSELECT * FROM "ar_internal_metadata" WHERE "ar_internal_metadata"."key" = $1 ORDER BY "ar_internal_metadata"."key" ASC LIMIT 1[0m  [[nil, "environment"]]
  [1m[36mActiveRecord::InternalMetadata Create (1.1ms)[0m  [1m[32mINSERT INTO "ar_internal_metadata" ("key", "value", "created_at", "updated_at") VALUES ('environment', 'development', '2024-02-16 16:15:29.062615', '2024-02-16 16:15:29.062617') RETURNING "key"[0m
  [1m[35m (0.1ms)[0m  [1m[34mSELECT pg_advisory_unlock(5827040543473651110)[0m
  [1m[36mActiveRecord::SchemaMigration Load (0.1ms)[0m  [1m[34mSELECT "schema_migrations"."version" FROM "schema_migrations" ORDER BY "schema_migrations"."version" ASC[0m
Started GET "/" for ::1 at 2024-02-16 09:15:39 -0700
  [1m[36mActiveRecord::SchemaMigration Load (0.5ms)[0m  [1m[34mSELECT "schema_migrations"."version" FROM "schema_migrations" ORDER BY "schema_migrations"."version" ASC[0m
Processing by WelcomeController#index as HTML
  Rendering layout layouts/application.html.erb
  Rendering welcome/index.html.erb within layouts/application
  Rendered welcome/index.html.erb within layouts/application (Duration: 1.7ms | Allocations: 2583)
  Rendered layout layouts/application.html.erb (Duration: 1.8ms | Allocations: 2707)
Completed 500 Internal Server Error in 22ms (ActiveRecord: 0.0ms | Allocations: 10348)


  
ActionView::Template::Error (undefined method `foods_path' for #<ActionView::Base:0x0000000000a6e0>):
    4:   </div>
    5:   <div class="collapse navbar-collapse" id="bs-example-navbar-collapse-1">
    6:     <ul class="nav navbar-nav">
    7:       <%= form_tag :foods, method: :get, class: "form-inline" do %>
    8:         <div class="form-group search-field">
    9:           <%= text_field_tag(:q) %>
   10:           <%= submit_tag "Search", class: "btn btn-primary" %>
  
app/views/welcome/index.html.erb:7
Started GET "/" for ::1 at 2024-02-16 09:15:39 -0700
Processing by WelcomeController#index as HTML
  Rendering layout layouts/application.html.erb
  Rendering welcome/index.html.erb within layouts/application
  Rendered welcome/index.html.erb within layouts/application (Duration: 0.2ms | Allocations: 1065)
  Rendered layout layouts/application.html.erb (Duration: 0.3ms | Allocations: 1154)
Completed 500 Internal Server Error in 1ms (ActiveRecord: 0.0ms | Allocations: 1381)


  
ActionView::Template::Error (undefined method `foods_path' for #<ActionView::Base:0x0000000000aa28>):
    4:   </div>
    5:   <div class="collapse navbar-collapse" id="bs-example-navbar-collapse-1">
    6:     <ul class="nav navbar-nav">
    7:       <%= form_tag :foods, method: :get, class: "form-inline" do %>
    8:         <div class="form-group search-field">
    9:           <%= text_field_tag(:q) %>
   10:           <%= submit_tag "Search", class: "btn btn-primary" %>
  
app/views/welcome/index.html.erb:7
  [1m[36mActiveRecord::SchemaMigration Load (0.9ms)[0m  [1m[34mSELECT "schema_migrations"."version" FROM "schema_migrations" ORDER BY "schema_migrations"."version" ASC[0m
  [1m[36mActiveRecord::SchemaMigration Load (0.2ms)[0m  [1m[34mSELECT "schema_migrations"."version" FROM "schema_migrations" ORDER BY "schema_migrations"."version" ASC[0m
  [1m[35m (30.3ms)[0m  [1m[35mDROP DATABASE IF EXISTS "whats_in_my_food_7_development"[0m
  [1m[35m (20.8ms)[0m  [1m[35mDROP DATABASE IF EXISTS "whats_in_my_food_7_test"[0m
  [1m[35m (122.4ms)[0m  [1m[35mCREATE DATABASE "whats_in_my_food_7_development" ENCODING = 'unicode'[0m
  [1m[35m (41.3ms)[0m  [1m[35mCREATE DATABASE "whats_in_my_food_7_test" ENCODING = 'unicode'[0m
  [1m[35m (3.7ms)[0m  [1m[35mCREATE TABLE "schema_migrations" ("version" character varying NOT NULL PRIMARY KEY)[0m
  [1m[35m (1.3ms)[0m  [1m[35mCREATE TABLE "ar_internal_metadata" ("key" character varying NOT NULL PRIMARY KEY, "value" character varying, "created_at" timestamp(6) NOT NULL, "updated_at" timestamp(6) NOT NULL)[0m
  [1m[35m (0.1ms)[0m  [1m[34mSELECT pg_try_advisory_lock(5827040543473651110)[0m
  [1m[36mActiveRecord::SchemaMigration Load (0.2ms)[0m  [1m[34mSELECT "schema_migrations"."version" FROM "schema_migrations" ORDER BY "schema_migrations"."version" ASC[0m
  [1m[36mActiveRecord::InternalMetadata Load (0.2ms)[0m  [1m[34mSELECT * FROM "ar_internal_metadata" WHERE "ar_internal_metadata"."key" = $1 ORDER BY "ar_internal_metadata"."key" ASC LIMIT 1[0m  [[nil, "environment"]]
  [1m[36mActiveRecord::InternalMetadata Create (0.3ms)[0m  [1m[32mINSERT INTO "ar_internal_metadata" ("key", "value", "created_at", "updated_at") VALUES ('environment', 'development', '2024-02-16 16:16:05.918159', '2024-02-16 16:16:05.918163') RETURNING "key"[0m
  [1m[35m (0.1ms)[0m  [1m[34mSELECT pg_advisory_unlock(5827040543473651110)[0m
  [1m[36mActiveRecord::SchemaMigration Load (0.1ms)[0m  [1m[34mSELECT "schema_migrations"."version" FROM "schema_migrations" ORDER BY "schema_migrations"."version" ASC[0m
  [1m[36mActiveRecord::SchemaMigration Load (0.1ms)[0m  [1m[34mSELECT "schema_migrations"."version" FROM "schema_migrations" ORDER BY "schema_migrations"."version" ASC[0m
Started GET "/" for ::1 at 2024-02-16 09:24:36 -0700
  [1m[36mActiveRecord::SchemaMigration Load (3.6ms)[0m  [1m[34mSELECT "schema_migrations"."version" FROM "schema_migrations" ORDER BY "schema_migrations"."version" ASC[0m
Processing by WelcomeController#index as HTML
  Rendering layout layouts/application.html.erb
  Rendering welcome/index.html.erb within layouts/application
  Rendered welcome/index.html.erb within layouts/application (Duration: 1.1ms | Allocations: 1843)
  Rendered layout layouts/application.html.erb (Duration: 1.2ms | Allocations: 1967)
Completed 500 Internal Server Error in 8ms (ActiveRecord: 0.0ms | Allocations: 6001)


  
ActionView::Template::Error (undefined method `foods_path' for #<ActionView::Base:0x0000000000a6b8>):
    4:   </div>
    5:   <div class="collapse navbar-collapse" id="bs-example-navbar-collapse-1">
    6:     <ul class="nav navbar-nav">
    7:       <%= form_tag :foods, method: :get, class: "form-inline" do %>
    8:         <div class="form-group search-field">
    9:           <%= text_field_tag(:q) %>
   10:           <%= submit_tag "Search", class: "btn btn-primary" %>
  
app/views/welcome/index.html.erb:7
Started GET "/" for ::1 at 2024-02-16 09:24:37 -0700
Processing by WelcomeController#index as HTML
  Rendering layout layouts/application.html.erb
  Rendering welcome/index.html.erb within layouts/application
  Rendered welcome/index.html.erb within layouts/application (Duration: 0.5ms | Allocations: 1065)
  Rendered layout layouts/application.html.erb (Duration: 0.6ms | Allocations: 1154)
Completed 500 Internal Server Error in 3ms (ActiveRecord: 0.0ms | Allocations: 1422)


  
ActionView::Template::Error (undefined method `foods_path' for #<ActionView::Base:0x0000000000aa28>):
    4:   </div>
    5:   <div class="collapse navbar-collapse" id="bs-example-navbar-collapse-1">
    6:     <ul class="nav navbar-nav">
    7:       <%= form_tag :foods, method: :get, class: "form-inline" do %>
    8:         <div class="form-group search-field">
    9:           <%= text_field_tag(:q) %>
   10:           <%= submit_tag "Search", class: "btn btn-primary" %>
  
app/views/welcome/index.html.erb:7
Started GET "/" for ::1 at 2024-02-16 09:27:00 -0700
Processing by WelcomeController#index as HTML
  Rendering layout layouts/application.html.erb
  Rendering welcome/index.html.erb within layouts/application
  Rendered welcome/index.html.erb within layouts/application (Duration: 0.6ms | Allocations: 1212)
  Rendered layout layouts/application.html.erb (Duration: 0.7ms | Allocations: 1302)
Completed 500 Internal Server Error in 2ms (ActiveRecord: 0.0ms | Allocations: 2184)


  
ActionView::Template::Error (undefined method `form_with_tag' for #<ActionView::Base:0x0000000000de08>):
    4:   </div>
    5:   <div class="collapse navbar-collapse" id="bs-example-navbar-collapse-1">
    6:     <ul class="nav navbar-nav">
    7:       <%= form_with_tag :foods, method: :get, class: "form-inline" do %>
    8:         <div class="form-group search-field">
    9:           <%= text_field_tag(:q) %>
   10:           <%= submit_tag "Search", class: "btn btn-primary" %>
  
app/views/welcome/index.html.erb:7
Started GET "/" for ::1 at 2024-02-16 09:27:06 -0700
Processing by WelcomeController#index as HTML
  Rendering layout layouts/application.html.erb
  Rendering welcome/index.html.erb within layouts/application
  Rendered welcome/index.html.erb within layouts/application (Duration: 0.5ms | Allocations: 1213)
  Rendered layout layouts/application.html.erb (Duration: 0.6ms | Allocations: 1303)
Completed 500 Internal Server Error in 2ms (ActiveRecord: 0.0ms | Allocations: 2188)


  
ActionView::Template::Error (undefined method `form' for #<ActionView::Base:0x00000000011210>):
    4:   </div>
    5:   <div class="collapse navbar-collapse" id="bs-example-navbar-collapse-1">
    6:     <ul class="nav navbar-nav">
    7:       <%= form :foods, method: :get, class: "form-inline" do %>
    8:         <div class="form-group search-field">
    9:           <%= text_field_tag(:q) %>
   10:           <%= submit_tag "Search", class: "btn btn-primary" %>
  
app/views/welcome/index.html.erb:7
Started GET "/" for ::1 at 2024-02-16 09:27:39 -0700
Processing by WelcomeController#index as HTML
  Rendering layout layouts/application.html.erb
  Rendering welcome/index.html.erb within layouts/application
  Rendered welcome/index.html.erb within layouts/application (Duration: 0.6ms | Allocations: 1206)
  Rendered layout layouts/application.html.erb (Duration: 0.7ms | Allocations: 1296)
Completed 500 Internal Server Error in 2ms (ActiveRecord: 0.0ms | Allocations: 2178)


  
ActionView::Template::Error (wrong number of arguments (given 1, expected 0)):
    4:   </div>
    5:   <div class="collapse navbar-collapse" id="bs-example-navbar-collapse-1">
    6:     <ul class="nav navbar-nav">
    7:       <%= form_with :foods, method: :get, class: "form-inline" do %>
    8:         <div class="form-group search-field">
    9:           <%= text_field_tag(:q) %>
   10:           <%= submit_tag "Search", class: "btn btn-primary" %>
  
app/views/welcome/index.html.erb:7
Started GET "/" for ::1 at 2024-02-16 09:27:49 -0700
Processing by WelcomeController#index as HTML
  Rendering layout layouts/application.html.erb
  Rendering welcome/index.html.erb within layouts/application
  Rendered welcome/index.html.erb within layouts/application (Duration: 0.6ms | Allocations: 1254)
  Rendered layout layouts/application.html.erb (Duration: 0.6ms | Allocations: 1344)
Completed 500 Internal Server Error in 2ms (ActiveRecord: 0.0ms | Allocations: 2227)


  
ActionView::Template::Error (undefined method `foods_path' for #<ActionView::Base:0x00000000017ac0>):
    4:   </div>
    5:   <div class="collapse navbar-collapse" id="bs-example-navbar-collapse-1">
    6:     <ul class="nav navbar-nav">
    7:       <%= form_tag :foods, method: :get, class: "form-inline" do %>
    8:         <div class="form-group search-field">
    9:           <%= text_field_tag(:q) %>
   10:           <%= submit_tag "Search", class: "btn btn-primary" %>
  
app/views/welcome/index.html.erb:7
Started GET "/" for ::1 at 2024-02-16 09:31:31 -0700
Processing by WelcomeController#index as HTML
  Rendering layout layouts/application.html.erb
  Rendering welcome/index.html.erb within layouts/application
  Rendered welcome/index.html.erb within layouts/application (Duration: 1.5ms | Allocations: 1254)
  Rendered layout layouts/application.html.erb (Duration: 1.5ms | Allocations: 1344)
Completed 500 Internal Server Error in 4ms (ActiveRecord: 0.0ms | Allocations: 2227)


  
ActionView::Template::Error (undefined method `foods_path' for #<ActionView::Base:0x0000000001afe0>):
    4:   </div>
    5:   <div class="collapse navbar-collapse" id="bs-example-navbar-collapse-1">
    6:     <ul class="nav navbar-nav">
    7:       <%= form_tag :foods, method: :get, class: "form-inline" do %>
    8:         <div class="form-group search-field">
    9:           <%= text_field_tag(:q) %>
   10:           <%= submit_tag "Search", class: "btn btn-primary" %>
  
app/views/welcome/index.html.erb:7
Started GET "/" for ::1 at 2024-02-16 09:31:33 -0700
Processing by WelcomeController#index as HTML
  Rendering layout layouts/application.html.erb
  Rendering welcome/index.html.erb within layouts/application
  Rendered welcome/index.html.erb within layouts/application (Duration: 1.4ms | Allocations: 1066)
  Rendered layout layouts/application.html.erb (Duration: 2.4ms | Allocations: 1155)
Completed 500 Internal Server Error in 4ms (ActiveRecord: 0.0ms | Allocations: 1385)


  
ActionView::Template::Error (undefined method `foods_path' for #<ActionView::Base:0x0000000001b328>):
    4:   </div>
    5:   <div class="collapse navbar-collapse" id="bs-example-navbar-collapse-1">
    6:     <ul class="nav navbar-nav">
    7:       <%= form_tag :foods, method: :get, class: "form-inline" do %>
    8:         <div class="form-group search-field">
    9:           <%= text_field_tag(:q) %>
   10:           <%= submit_tag "Search", class: "btn btn-primary" %>
  
app/views/welcome/index.html.erb:7
Started GET "/" for ::1 at 2024-02-16 09:32:16 -0700
Processing by WelcomeController#index as HTML
  Rendering layout layouts/application.html.erb
  Rendering welcome/index.html.erb within layouts/application
  Rendered welcome/index.html.erb within layouts/application (Duration: 1.2ms | Allocations: 1252)
  Rendered layout layouts/application.html.erb (Duration: 1.3ms | Allocations: 1342)
Completed 500 Internal Server Error in 7ms (ActiveRecord: 0.0ms | Allocations: 2222)


  
ActionView::Template::Error (undefined method `foods_path' for #<ActionView::Base:0x0000000001e848>):
    4:   </div>
    5:   <div class="collapse navbar-collapse" id="bs-example-navbar-collapse-1">
    6:     <ul class="nav navbar-nav">
    7:       <%= form_tag :foods, method: :get, class: "form-inline" do %>
    8:         <div class="form-group search-field">
    9:           <%= text_field_tag(:q) %>
   10:           <%= submit_tag "Search", class: "btn btn-primary" %>
  
app/views/welcome/index.html.erb:7
Started GET "/" for ::1 at 2024-02-16 09:32:18 -0700
Processing by WelcomeController#index as HTML
  Rendering layout layouts/application.html.erb
  Rendering welcome/index.html.erb within layouts/application
  Rendered welcome/index.html.erb within layouts/application (Duration: 0.7ms | Allocations: 1065)
  Rendered layout layouts/application.html.erb (Duration: 0.8ms | Allocations: 1154)
Completed 500 Internal Server Error in 2ms (ActiveRecord: 0.0ms | Allocations: 1380)


  
ActionView::Template::Error (undefined method `foods_path' for #<ActionView::Base:0x0000000001eb90>):
    4:   </div>
    5:   <div class="collapse navbar-collapse" id="bs-example-navbar-collapse-1">
    6:     <ul class="nav navbar-nav">
    7:       <%= form_tag :foods, method: :get, class: "form-inline" do %>
    8:         <div class="form-group search-field">
    9:           <%= text_field_tag(:q) %>
   10:           <%= submit_tag "Search", class: "btn btn-primary" %>
  
app/views/welcome/index.html.erb:7
Started GET "/" for ::1 at 2024-02-16 09:32:26 -0700
Processing by WelcomeController#index as HTML
  Rendering layout layouts/application.html.erb
  Rendering welcome/index.html.erb within layouts/application
  Rendered welcome/index.html.erb within layouts/application (Duration: 0.6ms | Allocations: 1252)
  Rendered layout layouts/application.html.erb (Duration: 0.7ms | Allocations: 1342)
Completed 500 Internal Server Error in 2ms (ActiveRecord: 0.0ms | Allocations: 2222)


  
ActionView::Template::Error (undefined method `foods_path' for #<ActionView::Base:0x000000000220d8>):
    4:   </div>
    5:   <div class="collapse navbar-collapse" id="bs-example-navbar-collapse-1">
    6:     <ul class="nav navbar-nav">
    7:       <%= form_tag :foods, method: :get, class: "form-inline" do %>
    8:         <div class="form-group search-field">
    9:           <%= text_field_tag(:q) %>
   10:           <%= submit_tag "Search", class: "btn btn-primary" %>
  
app/views/welcome/index.html.erb:7
Started GET "/" for ::1 at 2024-02-16 09:32:27 -0700
Processing by WelcomeController#index as HTML
  Rendering layout layouts/application.html.erb
  Rendering welcome/index.html.erb within layouts/application
  Rendered welcome/index.html.erb within layouts/application (Duration: 0.5ms | Allocations: 1065)
  Rendered layout layouts/application.html.erb (Duration: 0.7ms | Allocations: 1154)
Completed 500 Internal Server Error in 2ms (ActiveRecord: 0.0ms | Allocations: 1380)


  
ActionView::Template::Error (undefined method `foods_path' for #<ActionView::Base:0x000000000223f8>):
    4:   </div>
    5:   <div class="collapse navbar-collapse" id="bs-example-navbar-collapse-1">
    6:     <ul class="nav navbar-nav">
    7:       <%= form_tag :foods, method: :get, class: "form-inline" do %>
    8:         <div class="form-group search-field">
    9:           <%= text_field_tag(:q) %>
   10:           <%= submit_tag "Search", class: "btn btn-primary" %>
  
app/views/welcome/index.html.erb:7
Started GET "/" for ::1 at 2024-02-16 09:32:28 -0700
Processing by WelcomeController#index as HTML
  Rendering layout layouts/application.html.erb
  Rendering welcome/index.html.erb within layouts/application
  Rendered welcome/index.html.erb within layouts/application (Duration: 0.6ms | Allocations: 1066)
  Rendered layout layouts/application.html.erb (Duration: 0.7ms | Allocations: 1155)
Completed 500 Internal Server Error in 2ms (ActiveRecord: 0.0ms | Allocations: 1385)


  
ActionView::Template::Error (undefined method `foods_path' for #<ActionView::Base:0x000000000226f0>):
    4:   </div>
    5:   <div class="collapse navbar-collapse" id="bs-example-navbar-collapse-1">
    6:     <ul class="nav navbar-nav">
    7:       <%= form_tag :foods, method: :get, class: "form-inline" do %>
    8:         <div class="form-group search-field">
    9:           <%= text_field_tag(:q) %>
   10:           <%= submit_tag "Search", class: "btn btn-primary" %>
  
app/views/welcome/index.html.erb:7
Started GET "/" for ::1 at 2024-02-16 09:32:31 -0700
Processing by WelcomeController#index as HTML
  Rendering layout layouts/application.html.erb
  Rendering welcome/index.html.erb within layouts/application
  Rendered welcome/index.html.erb within layouts/application (Duration: 1.1ms | Allocations: 1065)
  Rendered layout layouts/application.html.erb (Duration: 1.3ms | Allocations: 1154)
Completed 500 Internal Server Error in 3ms (ActiveRecord: 0.0ms | Allocations: 1380)


  
ActionView::Template::Error (undefined method `foods_path' for #<ActionView::Base:0x000000000229c0>):
    4:   </div>
    5:   <div class="collapse navbar-collapse" id="bs-example-navbar-collapse-1">
    6:     <ul class="nav navbar-nav">
    7:       <%= form_tag :foods, method: :get, class: "form-inline" do %>
    8:         <div class="form-group search-field">
    9:           <%= text_field_tag(:q) %>
   10:           <%= submit_tag "Search", class: "btn btn-primary" %>
  
app/views/welcome/index.html.erb:7
Started GET "/" for ::1 at 2024-02-16 09:32:31 -0700
Processing by WelcomeController#index as HTML
  Rendering layout layouts/application.html.erb
  Rendering welcome/index.html.erb within layouts/application
  Rendered welcome/index.html.erb within layouts/application (Duration: 0.6ms | Allocations: 1065)
  Rendered layout layouts/application.html.erb (Duration: 0.8ms | Allocations: 1154)
Completed 500 Internal Server Error in 4ms (ActiveRecord: 0.0ms | Allocations: 1380)


  
ActionView::Template::Error (undefined method `foods_path' for #<ActionView::Base:0x00000000022c90>):
    4:   </div>
    5:   <div class="collapse navbar-collapse" id="bs-example-navbar-collapse-1">
    6:     <ul class="nav navbar-nav">
    7:       <%= form_tag :foods, method: :get, class: "form-inline" do %>
    8:         <div class="form-group search-field">
    9:           <%= text_field_tag(:q) %>
   10:           <%= submit_tag "Search", class: "btn btn-primary" %>
  
app/views/welcome/index.html.erb:7
Started GET "/" for ::1 at 2024-02-16 09:32:39 -0700
Processing by WelcomeController#index as HTML
  Rendering layout layouts/application.html.erb
  Rendering welcome/index.html.erb within layouts/application
  Rendered welcome/index.html.erb within layouts/application (Duration: 0.5ms | Allocations: 417)
  Rendered layout layouts/application.html.erb (Duration: 186.5ms | Allocations: 94344)
Completed 200 OK in 188ms (Views: 187.4ms | ActiveRecord: 0.0ms | Allocations: 95292)


Started GET "/" for ::1 at 2024-02-16 09:33:16 -0700
Processing by WelcomeController#index as HTML
  Rendering layout layouts/application.html.erb
  Rendering welcome/index.html.erb within layouts/application
  Rendered welcome/index.html.erb within layouts/application (Duration: 22.8ms | Allocations: 1258)
  Rendered layout layouts/application.html.erb (Duration: 23.0ms | Allocations: 1348)
Completed 500 Internal Server Error in 29ms (ActiveRecord: 0.0ms | Allocations: 2231)


  
ActionView::Template::Error (undefined method `foods_path' for #<ActionView::Base:0x000000000297c0>):
    4:   </div>
    5:   <div class="collapse navbar-collapse" id="bs-example-navbar-collapse-1">
    6:     <ul class="nav navbar-nav">
    7:       <%= form_tag :foods, method: :get, class: "form-inline" do %>
    8:         <div class="form-group search-field">
    9:           <%= text_field_tag(:q) %>
   10:           <%= submit_tag "Search", class: "btn btn-primary" %>
  
app/views/welcome/index.html.erb:7
Started GET "/" for ::1 at 2024-02-16 09:33:21 -0700
Processing by WelcomeController#index as HTML
  Rendering layout layouts/application.html.erb
  Rendering welcome/index.html.erb within layouts/application
  Rendered welcome/index.html.erb within layouts/application (Duration: 0.6ms | Allocations: 372)
  Rendered layout layouts/application.html.erb (Duration: 9.1ms | Allocations: 15782)
Completed 200 OK in 11ms (Views: 10.0ms | ActiveRecord: 0.0ms | Allocations: 16688)


Started GET "/" for ::1 at 2024-02-16 09:47:11 -0700
Processing by WelcomeController#index as HTML
  Rendering layout layouts/application.html.erb
  Rendering welcome/index.html.erb within layouts/application
  Rendered welcome/index.html.erb within layouts/application (Duration: 0.9ms | Allocations: 370)
  Rendered layout layouts/application.html.erb (Duration: 16.4ms | Allocations: 15625)
Completed 200 OK in 19ms (Views: 17.9ms | ActiveRecord: 0.0ms | Allocations: 16527)


Started GET "/" for ::1 at 2024-02-16 09:47:14 -0700
Processing by WelcomeController#index as HTML
  Rendering layout layouts/application.html.erb
  Rendering welcome/index.html.erb within layouts/application
  Rendered welcome/index.html.erb within layouts/application (Duration: 0.9ms | Allocations: 112)
  Rendered layout layouts/application.html.erb (Duration: 5.9ms | Allocations: 1645)
Completed 200 OK in 9ms (Views: 7.0ms | ActiveRecord: 0.0ms | Allocations: 1893)


Started GET "/" for ::1 at 2024-02-16 09:47:17 -0700
Processing by WelcomeController#index as HTML
  Rendering layout layouts/application.html.erb
  Rendering welcome/index.html.erb within layouts/application
  Rendered welcome/index.html.erb within layouts/application (Duration: 0.3ms | Allocations: 112)
  Rendered layout layouts/application.html.erb (Duration: 6.8ms | Allocations: 1686)
Completed 200 OK in 8ms (Views: 7.2ms | ActiveRecord: 0.0ms | Allocations: 1933)


Started GET "/" for ::1 at 2024-02-16 09:47:18 -0700
Processing by WelcomeController#index as HTML
  Rendering layout layouts/application.html.erb
  Rendering welcome/index.html.erb within layouts/application
  Rendered welcome/index.html.erb within layouts/application (Duration: 0.3ms | Allocations: 112)
  Rendered layout layouts/application.html.erb (Duration: 5.0ms | Allocations: 1651)
Completed 200 OK in 6ms (Views: 5.4ms | ActiveRecord: 0.0ms | Allocations: 1897)


Started GET "/foods?q=&commit=Search" for ::1 at 2024-02-16 09:47:19 -0700
Processing by FoodsController#index as HTML
  Parameters: {"q"=>"", "commit"=>"Search"}
Completed 500 Internal Server Error in 21741ms (ActiveRecord: 0.0ms | Allocations: 21387)


  
SystemExit (exit):
  
app/controllers/foods_controller.rb:3:in `index'
Started GET "/" for ::1 at 2024-02-16 09:48:02 -0700
Processing by WelcomeController#index as HTML
  Rendering layout layouts/application.html.erb
  Rendering welcome/index.html.erb within layouts/application
  Rendered welcome/index.html.erb within layouts/application (Duration: 0.5ms | Allocations: 370)
  Rendered layout layouts/application.html.erb (Duration: 15.5ms | Allocations: 15773)
Completed 200 OK in 17ms (Views: 16.3ms | ActiveRecord: 0.0ms | Allocations: 16676)


Started GET "/foods?q=&commit=Search" for ::1 at 2024-02-16 09:48:04 -0700
Processing by FoodsController#index as HTML
  Parameters: {"q"=>"", "commit"=>"Search"}
Completed 500 Internal Server Error in 1ms (ActiveRecord: 0.0ms | Allocations: 466)


  
NameError (uninitialized constant FoodsController::Faraday):
  
app/controllers/foods_controller.rb:3:in `index'
Started GET "/" for ::1 at 2024-02-16 09:48:57 -0700
  [1m[36mActiveRecord::SchemaMigration Load (4.0ms)[0m  [1m[34mSELECT "schema_migrations"."version" FROM "schema_migrations" ORDER BY "schema_migrations"."version" ASC[0m
Processing by WelcomeController#index as HTML
  Rendering layout layouts/application.html.erb
  Rendering welcome/index.html.erb within layouts/application
  Rendered welcome/index.html.erb within layouts/application (Duration: 0.4ms | Allocations: 642)
  Rendered layout layouts/application.html.erb (Duration: 36.7ms | Allocations: 35191)
Completed 200 OK in 43ms (Views: 39.2ms | ActiveRecord: 0.0ms | Allocations: 39277)


Started GET "/foods?q=&commit=Search" for ::1 at 2024-02-16 09:48:58 -0700
Processing by FoodsController#index as HTML
  Parameters: {"q"=>"", "commit"=>"Search"}
Completed 406 Not Acceptable in 265ms (ActiveRecord: 0.0ms | Allocations: 2468)


  
ActionController::MissingExactTemplate (FoodsController#index is missing a template for request formats: text/html):
  
actionpack (7.1.3) lib/action_controller/metal/implicit_render.rb:47:in `default_render'
actionpack (7.1.3) lib/action_controller/metal/basic_implicit_render.rb:7:in `send_action'
actionpack (7.1.3) lib/abstract_controller/base.rb:224:in `process_action'
actionpack (7.1.3) lib/action_controller/metal/rendering.rb:165:in `process_action'
actionpack (7.1.3) lib/abstract_controller/callbacks.rb:259:in `block in process_action'
activesupport (7.1.3) lib/active_support/callbacks.rb:121:in `block in run_callbacks'
turbo-rails (2.0.2) lib/turbo-rails.rb:24:in `with_request_id'
turbo-rails (2.0.2) app/controllers/concerns/turbo/request_id_tracking.rb:10:in `turbo_tracking_request_id'
activesupport (7.1.3) lib/active_support/callbacks.rb:130:in `block in run_callbacks'
actiontext (7.1.3) lib/action_text/rendering.rb:23:in `with_renderer'
actiontext (7.1.3) lib/action_text/engine.rb:69:in `block (4 levels) in <class:Engine>'
activesupport (7.1.3) lib/active_support/callbacks.rb:130:in `instance_exec'
activesupport (7.1.3) lib/active_support/callbacks.rb:130:in `block in run_callbacks'
activesupport (7.1.3) lib/active_support/callbacks.rb:141:in `run_callbacks'
actionpack (7.1.3) lib/abstract_controller/callbacks.rb:258:in `process_action'
actionpack (7.1.3) lib/action_controller/metal/rescue.rb:25:in `process_action'
actionpack (7.1.3) lib/action_controller/metal/instrumentation.rb:74:in `block in process_action'
activesupport (7.1.3) lib/active_support/notifications.rb:206:in `block in instrument'
activesupport (7.1.3) lib/active_support/notifications/instrumenter.rb:58:in `instrument'
activesupport (7.1.3) lib/active_support/notifications.rb:206:in `instrument'
actionpack (7.1.3) lib/action_controller/metal/instrumentation.rb:73:in `process_action'
actionpack (7.1.3) lib/action_controller/metal/params_wrapper.rb:261:in `process_action'
activerecord (7.1.3) lib/active_record/railties/controller_runtime.rb:32:in `process_action'
actionpack (7.1.3) lib/abstract_controller/base.rb:160:in `process'
actionview (7.1.3) lib/action_view/rendering.rb:40:in `process'
actionpack (7.1.3) lib/action_controller/metal.rb:227:in `dispatch'
actionpack (7.1.3) lib/action_controller/metal.rb:309:in `dispatch'
actionpack (7.1.3) lib/action_dispatch/routing/route_set.rb:49:in `dispatch'
actionpack (7.1.3) lib/action_dispatch/routing/route_set.rb:32:in `serve'
actionpack (7.1.3) lib/action_dispatch/journey/router.rb:51:in `block in serve'
actionpack (7.1.3) lib/action_dispatch/journey/router.rb:131:in `block in find_routes'
actionpack (7.1.3) lib/action_dispatch/journey/router.rb:124:in `each'
actionpack (7.1.3) lib/action_dispatch/journey/router.rb:124:in `find_routes'
actionpack (7.1.3) lib/action_dispatch/journey/router.rb:32:in `serve'
actionpack (7.1.3) lib/action_dispatch/routing/route_set.rb:882:in `call'
rack (3.0.9) lib/rack/tempfile_reaper.rb:20:in `call'
rack (3.0.9) lib/rack/etag.rb:29:in `call'
rack (3.0.9) lib/rack/conditional_get.rb:31:in `call'
rack (3.0.9) lib/rack/head.rb:15:in `call'
actionpack (7.1.3) lib/action_dispatch/http/permissions_policy.rb:36:in `call'
actionpack (7.1.3) lib/action_dispatch/http/content_security_policy.rb:33:in `call'
rack-session (2.0.0) lib/rack/session/abstract/id.rb:272:in `context'
rack-session (2.0.0) lib/rack/session/abstract/id.rb:266:in `call'
actionpack (7.1.3) lib/action_dispatch/middleware/cookies.rb:689:in `call'
activerecord (7.1.3) lib/active_record/migration.rb:655:in `call'
actionpack (7.1.3) lib/action_dispatch/middleware/callbacks.rb:29:in `block in call'
activesupport (7.1.3) lib/active_support/callbacks.rb:101:in `run_callbacks'
actionpack (7.1.3) lib/action_dispatch/middleware/callbacks.rb:28:in `call'
actionpack (7.1.3) lib/action_dispatch/middleware/executor.rb:14:in `call'
actionpack (7.1.3) lib/action_dispatch/middleware/actionable_exceptions.rb:16:in `call'
actionpack (7.1.3) lib/action_dispatch/middleware/debug_exceptions.rb:29:in `call'
web-console (4.2.1) lib/web_console/middleware.rb:132:in `call_app'
web-console (4.2.1) lib/web_console/middleware.rb:28:in `block in call'
web-console (4.2.1) lib/web_console/middleware.rb:17:in `catch'
web-console (4.2.1) lib/web_console/middleware.rb:17:in `call'
actionpack (7.1.3) lib/action_dispatch/middleware/show_exceptions.rb:31:in `call'
railties (7.1.3) lib/rails/rack/logger.rb:37:in `call_app'
railties (7.1.3) lib/rails/rack/logger.rb:24:in `block in call'
activesupport (7.1.3) lib/active_support/tagged_logging.rb:135:in `block in tagged'
activesupport (7.1.3) lib/active_support/tagged_logging.rb:39:in `tagged'
activesupport (7.1.3) lib/active_support/tagged_logging.rb:135:in `tagged'
activesupport (7.1.3) lib/active_support/broadcast_logger.rb:240:in `method_missing'
railties (7.1.3) lib/rails/rack/logger.rb:24:in `call'
sprockets-rails (3.4.2) lib/sprockets/rails/quiet_assets.rb:13:in `call'
actionpack (7.1.3) lib/action_dispatch/middleware/remote_ip.rb:92:in `call'
actionpack (7.1.3) lib/action_dispatch/middleware/request_id.rb:28:in `call'
rack (3.0.9) lib/rack/method_override.rb:28:in `call'
rack (3.0.9) lib/rack/runtime.rb:24:in `call'
activesupport (7.1.3) lib/active_support/cache/strategy/local_cache_middleware.rb:29:in `call'
actionpack (7.1.3) lib/action_dispatch/middleware/server_timing.rb:59:in `block in call'
actionpack (7.1.3) lib/action_dispatch/middleware/server_timing.rb:24:in `collect_events'
actionpack (7.1.3) lib/action_dispatch/middleware/server_timing.rb:58:in `call'
actionpack (7.1.3) lib/action_dispatch/middleware/executor.rb:14:in `call'
actionpack (7.1.3) lib/action_dispatch/middleware/static.rb:25:in `call'
rack (3.0.9) lib/rack/sendfile.rb:114:in `call'
actionpack (7.1.3) lib/action_dispatch/middleware/host_authorization.rb:141:in `call'
railties (7.1.3) lib/rails/engine.rb:536:in `call'
puma (6.4.2) lib/puma/configuration.rb:272:in `call'
puma (6.4.2) lib/puma/request.rb:100:in `block in handle_request'
puma (6.4.2) lib/puma/thread_pool.rb:378:in `with_force_shutdown'
puma (6.4.2) lib/puma/request.rb:99:in `handle_request'
puma (6.4.2) lib/puma/server.rb:464:in `process_client'
puma (6.4.2) lib/puma/server.rb:245:in `block in run'
puma (6.4.2) lib/puma/thread_pool.rb:155:in `block in spawn_thread'
Started GET "/" for ::1 at 2024-02-16 09:48:58 -0700
Processing by WelcomeController#index as HTML
  Rendering layout layouts/application.html.erb
  Rendering welcome/index.html.erb within layouts/application
  Rendered welcome/index.html.erb within layouts/application (Duration: 0.2ms | Allocations: 112)
  Rendered layout layouts/application.html.erb (Duration: 1.3ms | Allocations: 1658)
Completed 200 OK in 2ms (Views: 1.5ms | ActiveRecord: 0.0ms | Allocations: 1901)


Started GET "/foods?q=&commit=Search" for ::1 at 2024-02-16 09:49:01 -0700
Processing by FoodsController#index as HTML
  Parameters: {"q"=>"", "commit"=>"Search"}
Completed 406 Not Acceptable in 152ms (ActiveRecord: 0.0ms | Allocations: 1427)


  
ActionController::MissingExactTemplate (FoodsController#index is missing a template for request formats: text/html):
  
actionpack (7.1.3) lib/action_controller/metal/implicit_render.rb:47:in `default_render'
actionpack (7.1.3) lib/action_controller/metal/basic_implicit_render.rb:7:in `send_action'
actionpack (7.1.3) lib/abstract_controller/base.rb:224:in `process_action'
actionpack (7.1.3) lib/action_controller/metal/rendering.rb:165:in `process_action'
actionpack (7.1.3) lib/abstract_controller/callbacks.rb:259:in `block in process_action'
activesupport (7.1.3) lib/active_support/callbacks.rb:121:in `block in run_callbacks'
turbo-rails (2.0.2) lib/turbo-rails.rb:24:in `with_request_id'
turbo-rails (2.0.2) app/controllers/concerns/turbo/request_id_tracking.rb:10:in `turbo_tracking_request_id'
activesupport (7.1.3) lib/active_support/callbacks.rb:130:in `block in run_callbacks'
actiontext (7.1.3) lib/action_text/rendering.rb:23:in `with_renderer'
actiontext (7.1.3) lib/action_text/engine.rb:69:in `block (4 levels) in <class:Engine>'
activesupport (7.1.3) lib/active_support/callbacks.rb:130:in `instance_exec'
activesupport (7.1.3) lib/active_support/callbacks.rb:130:in `block in run_callbacks'
activesupport (7.1.3) lib/active_support/callbacks.rb:141:in `run_callbacks'
actionpack (7.1.3) lib/abstract_controller/callbacks.rb:258:in `process_action'
actionpack (7.1.3) lib/action_controller/metal/rescue.rb:25:in `process_action'
actionpack (7.1.3) lib/action_controller/metal/instrumentation.rb:74:in `block in process_action'
activesupport (7.1.3) lib/active_support/notifications.rb:206:in `block in instrument'
activesupport (7.1.3) lib/active_support/notifications/instrumenter.rb:58:in `instrument'
activesupport (7.1.3) lib/active_support/notifications.rb:206:in `instrument'
actionpack (7.1.3) lib/action_controller/metal/instrumentation.rb:73:in `process_action'
actionpack (7.1.3) lib/action_controller/metal/params_wrapper.rb:261:in `process_action'
activerecord (7.1.3) lib/active_record/railties/controller_runtime.rb:32:in `process_action'
actionpack (7.1.3) lib/abstract_controller/base.rb:160:in `process'
actionview (7.1.3) lib/action_view/rendering.rb:40:in `process'
actionpack (7.1.3) lib/action_controller/metal.rb:227:in `dispatch'
actionpack (7.1.3) lib/action_controller/metal.rb:309:in `dispatch'
actionpack (7.1.3) lib/action_dispatch/routing/route_set.rb:49:in `dispatch'
actionpack (7.1.3) lib/action_dispatch/routing/route_set.rb:32:in `serve'
actionpack (7.1.3) lib/action_dispatch/journey/router.rb:51:in `block in serve'
actionpack (7.1.3) lib/action_dispatch/journey/router.rb:131:in `block in find_routes'
actionpack (7.1.3) lib/action_dispatch/journey/router.rb:124:in `each'
actionpack (7.1.3) lib/action_dispatch/journey/router.rb:124:in `find_routes'
actionpack (7.1.3) lib/action_dispatch/journey/router.rb:32:in `serve'
actionpack (7.1.3) lib/action_dispatch/routing/route_set.rb:882:in `call'
rack (3.0.9) lib/rack/tempfile_reaper.rb:20:in `call'
rack (3.0.9) lib/rack/etag.rb:29:in `call'
rack (3.0.9) lib/rack/conditional_get.rb:31:in `call'
rack (3.0.9) lib/rack/head.rb:15:in `call'
actionpack (7.1.3) lib/action_dispatch/http/permissions_policy.rb:36:in `call'
actionpack (7.1.3) lib/action_dispatch/http/content_security_policy.rb:33:in `call'
rack-session (2.0.0) lib/rack/session/abstract/id.rb:272:in `context'
rack-session (2.0.0) lib/rack/session/abstract/id.rb:266:in `call'
actionpack (7.1.3) lib/action_dispatch/middleware/cookies.rb:689:in `call'
activerecord (7.1.3) lib/active_record/migration.rb:655:in `call'
actionpack (7.1.3) lib/action_dispatch/middleware/callbacks.rb:29:in `block in call'
activesupport (7.1.3) lib/active_support/callbacks.rb:101:in `run_callbacks'
actionpack (7.1.3) lib/action_dispatch/middleware/callbacks.rb:28:in `call'
actionpack (7.1.3) lib/action_dispatch/middleware/executor.rb:14:in `call'
actionpack (7.1.3) lib/action_dispatch/middleware/actionable_exceptions.rb:16:in `call'
actionpack (7.1.3) lib/action_dispatch/middleware/debug_exceptions.rb:29:in `call'
web-console (4.2.1) lib/web_console/middleware.rb:132:in `call_app'
web-console (4.2.1) lib/web_console/middleware.rb:28:in `block in call'
web-console (4.2.1) lib/web_console/middleware.rb:17:in `catch'
web-console (4.2.1) lib/web_console/middleware.rb:17:in `call'
actionpack (7.1.3) lib/action_dispatch/middleware/show_exceptions.rb:31:in `call'
railties (7.1.3) lib/rails/rack/logger.rb:37:in `call_app'
railties (7.1.3) lib/rails/rack/logger.rb:24:in `block in call'
activesupport (7.1.3) lib/active_support/tagged_logging.rb:135:in `block in tagged'
activesupport (7.1.3) lib/active_support/tagged_logging.rb:39:in `tagged'
activesupport (7.1.3) lib/active_support/tagged_logging.rb:135:in `tagged'
activesupport (7.1.3) lib/active_support/broadcast_logger.rb:240:in `method_missing'
railties (7.1.3) lib/rails/rack/logger.rb:24:in `call'
sprockets-rails (3.4.2) lib/sprockets/rails/quiet_assets.rb:13:in `call'
actionpack (7.1.3) lib/action_dispatch/middleware/remote_ip.rb:92:in `call'
actionpack (7.1.3) lib/action_dispatch/middleware/request_id.rb:28:in `call'
rack (3.0.9) lib/rack/method_override.rb:28:in `call'
rack (3.0.9) lib/rack/runtime.rb:24:in `call'
activesupport (7.1.3) lib/active_support/cache/strategy/local_cache_middleware.rb:29:in `call'
actionpack (7.1.3) lib/action_dispatch/middleware/server_timing.rb:59:in `block in call'
actionpack (7.1.3) lib/action_dispatch/middleware/server_timing.rb:24:in `collect_events'
actionpack (7.1.3) lib/action_dispatch/middleware/server_timing.rb:58:in `call'
actionpack (7.1.3) lib/action_dispatch/middleware/executor.rb:14:in `call'
actionpack (7.1.3) lib/action_dispatch/middleware/static.rb:25:in `call'
rack (3.0.9) lib/rack/sendfile.rb:114:in `call'
actionpack (7.1.3) lib/action_dispatch/middleware/host_authorization.rb:141:in `call'
railties (7.1.3) lib/rails/engine.rb:536:in `call'
puma (6.4.2) lib/puma/configuration.rb:272:in `call'
puma (6.4.2) lib/puma/request.rb:100:in `block in handle_request'
puma (6.4.2) lib/puma/thread_pool.rb:378:in `with_force_shutdown'
puma (6.4.2) lib/puma/request.rb:99:in `handle_request'
puma (6.4.2) lib/puma/server.rb:464:in `process_client'
puma (6.4.2) lib/puma/server.rb:245:in `block in run'
puma (6.4.2) lib/puma/thread_pool.rb:155:in `block in spawn_thread'
Started GET "/" for ::1 at 2024-02-16 09:49:01 -0700
Processing by WelcomeController#index as HTML
  Rendering layout layouts/application.html.erb
  Rendering welcome/index.html.erb within layouts/application
  Rendered welcome/index.html.erb within layouts/application (Duration: 0.2ms | Allocations: 112)
  Rendered layout layouts/application.html.erb (Duration: 1.2ms | Allocations: 1659)
Completed 200 OK in 2ms (Views: 1.4ms | ActiveRecord: 0.0ms | Allocations: 1901)


Started GET "/foods?q=&commit=Search" for ::1 at 2024-02-16 09:49:03 -0700
Processing by FoodsController#index as HTML
  Parameters: {"q"=>"", "commit"=>"Search"}
Completed 406 Not Acceptable in 147ms (ActiveRecord: 0.0ms | Allocations: 1426)


  
ActionController::MissingExactTemplate (FoodsController#index is missing a template for request formats: text/html):
  
actionpack (7.1.3) lib/action_controller/metal/implicit_render.rb:47:in `default_render'
actionpack (7.1.3) lib/action_controller/metal/basic_implicit_render.rb:7:in `send_action'
actionpack (7.1.3) lib/abstract_controller/base.rb:224:in `process_action'
actionpack (7.1.3) lib/action_controller/metal/rendering.rb:165:in `process_action'
actionpack (7.1.3) lib/abstract_controller/callbacks.rb:259:in `block in process_action'
activesupport (7.1.3) lib/active_support/callbacks.rb:121:in `block in run_callbacks'
turbo-rails (2.0.2) lib/turbo-rails.rb:24:in `with_request_id'
turbo-rails (2.0.2) app/controllers/concerns/turbo/request_id_tracking.rb:10:in `turbo_tracking_request_id'
activesupport (7.1.3) lib/active_support/callbacks.rb:130:in `block in run_callbacks'
actiontext (7.1.3) lib/action_text/rendering.rb:23:in `with_renderer'
actiontext (7.1.3) lib/action_text/engine.rb:69:in `block (4 levels) in <class:Engine>'
activesupport (7.1.3) lib/active_support/callbacks.rb:130:in `instance_exec'
activesupport (7.1.3) lib/active_support/callbacks.rb:130:in `block in run_callbacks'
activesupport (7.1.3) lib/active_support/callbacks.rb:141:in `run_callbacks'
actionpack (7.1.3) lib/abstract_controller/callbacks.rb:258:in `process_action'
actionpack (7.1.3) lib/action_controller/metal/rescue.rb:25:in `process_action'
actionpack (7.1.3) lib/action_controller/metal/instrumentation.rb:74:in `block in process_action'
activesupport (7.1.3) lib/active_support/notifications.rb:206:in `block in instrument'
activesupport (7.1.3) lib/active_support/notifications/instrumenter.rb:58:in `instrument'
activesupport (7.1.3) lib/active_support/notifications.rb:206:in `instrument'
actionpack (7.1.3) lib/action_controller/metal/instrumentation.rb:73:in `process_action'
actionpack (7.1.3) lib/action_controller/metal/params_wrapper.rb:261:in `process_action'
activerecord (7.1.3) lib/active_record/railties/controller_runtime.rb:32:in `process_action'
actionpack (7.1.3) lib/abstract_controller/base.rb:160:in `process'
actionview (7.1.3) lib/action_view/rendering.rb:40:in `process'
actionpack (7.1.3) lib/action_controller/metal.rb:227:in `dispatch'
actionpack (7.1.3) lib/action_controller/metal.rb:309:in `dispatch'
actionpack (7.1.3) lib/action_dispatch/routing/route_set.rb:49:in `dispatch'
actionpack (7.1.3) lib/action_dispatch/routing/route_set.rb:32:in `serve'
actionpack (7.1.3) lib/action_dispatch/journey/router.rb:51:in `block in serve'
actionpack (7.1.3) lib/action_dispatch/journey/router.rb:131:in `block in find_routes'
actionpack (7.1.3) lib/action_dispatch/journey/router.rb:124:in `each'
actionpack (7.1.3) lib/action_dispatch/journey/router.rb:124:in `find_routes'
actionpack (7.1.3) lib/action_dispatch/journey/router.rb:32:in `serve'
actionpack (7.1.3) lib/action_dispatch/routing/route_set.rb:882:in `call'
rack (3.0.9) lib/rack/tempfile_reaper.rb:20:in `call'
rack (3.0.9) lib/rack/etag.rb:29:in `call'
rack (3.0.9) lib/rack/conditional_get.rb:31:in `call'
rack (3.0.9) lib/rack/head.rb:15:in `call'
actionpack (7.1.3) lib/action_dispatch/http/permissions_policy.rb:36:in `call'
actionpack (7.1.3) lib/action_dispatch/http/content_security_policy.rb:33:in `call'
rack-session (2.0.0) lib/rack/session/abstract/id.rb:272:in `context'
rack-session (2.0.0) lib/rack/session/abstract/id.rb:266:in `call'
actionpack (7.1.3) lib/action_dispatch/middleware/cookies.rb:689:in `call'
activerecord (7.1.3) lib/active_record/migration.rb:655:in `call'
actionpack (7.1.3) lib/action_dispatch/middleware/callbacks.rb:29:in `block in call'
activesupport (7.1.3) lib/active_support/callbacks.rb:101:in `run_callbacks'
actionpack (7.1.3) lib/action_dispatch/middleware/callbacks.rb:28:in `call'
actionpack (7.1.3) lib/action_dispatch/middleware/executor.rb:14:in `call'
actionpack (7.1.3) lib/action_dispatch/middleware/actionable_exceptions.rb:16:in `call'
actionpack (7.1.3) lib/action_dispatch/middleware/debug_exceptions.rb:29:in `call'
web-console (4.2.1) lib/web_console/middleware.rb:132:in `call_app'
web-console (4.2.1) lib/web_console/middleware.rb:28:in `block in call'
web-console (4.2.1) lib/web_console/middleware.rb:17:in `catch'
web-console (4.2.1) lib/web_console/middleware.rb:17:in `call'
actionpack (7.1.3) lib/action_dispatch/middleware/show_exceptions.rb:31:in `call'
railties (7.1.3) lib/rails/rack/logger.rb:37:in `call_app'
railties (7.1.3) lib/rails/rack/logger.rb:24:in `block in call'
activesupport (7.1.3) lib/active_support/tagged_logging.rb:135:in `block in tagged'
activesupport (7.1.3) lib/active_support/tagged_logging.rb:39:in `tagged'
activesupport (7.1.3) lib/active_support/tagged_logging.rb:135:in `tagged'
activesupport (7.1.3) lib/active_support/broadcast_logger.rb:240:in `method_missing'
railties (7.1.3) lib/rails/rack/logger.rb:24:in `call'
sprockets-rails (3.4.2) lib/sprockets/rails/quiet_assets.rb:13:in `call'
actionpack (7.1.3) lib/action_dispatch/middleware/remote_ip.rb:92:in `call'
actionpack (7.1.3) lib/action_dispatch/middleware/request_id.rb:28:in `call'
rack (3.0.9) lib/rack/method_override.rb:28:in `call'
rack (3.0.9) lib/rack/runtime.rb:24:in `call'
activesupport (7.1.3) lib/active_support/cache/strategy/local_cache_middleware.rb:29:in `call'
actionpack (7.1.3) lib/action_dispatch/middleware/server_timing.rb:59:in `block in call'
actionpack (7.1.3) lib/action_dispatch/middleware/server_timing.rb:24:in `collect_events'
actionpack (7.1.3) lib/action_dispatch/middleware/server_timing.rb:58:in `call'
actionpack (7.1.3) lib/action_dispatch/middleware/executor.rb:14:in `call'
actionpack (7.1.3) lib/action_dispatch/middleware/static.rb:25:in `call'
rack (3.0.9) lib/rack/sendfile.rb:114:in `call'
actionpack (7.1.3) lib/action_dispatch/middleware/host_authorization.rb:141:in `call'
railties (7.1.3) lib/rails/engine.rb:536:in `call'
puma (6.4.2) lib/puma/configuration.rb:272:in `call'
puma (6.4.2) lib/puma/request.rb:100:in `block in handle_request'
puma (6.4.2) lib/puma/thread_pool.rb:378:in `with_force_shutdown'
puma (6.4.2) lib/puma/request.rb:99:in `handle_request'
puma (6.4.2) lib/puma/server.rb:464:in `process_client'
puma (6.4.2) lib/puma/server.rb:245:in `block in run'
puma (6.4.2) lib/puma/thread_pool.rb:155:in `block in spawn_thread'
Started GET "/" for ::1 at 2024-02-16 09:49:03 -0700
Processing by WelcomeController#index as HTML
  Rendering layout layouts/application.html.erb
  Rendering welcome/index.html.erb within layouts/application
  Rendered welcome/index.html.erb within layouts/application (Duration: 0.3ms | Allocations: 112)
  Rendered layout layouts/application.html.erb (Duration: 1.4ms | Allocations: 1659)
Completed 200 OK in 2ms (Views: 1.6ms | ActiveRecord: 0.0ms | Allocations: 1901)


Started GET "/foods?q=&commit=Search" for ::1 at 2024-02-16 09:49:04 -0700
Processing by FoodsController#index as HTML
  Parameters: {"q"=>"", "commit"=>"Search"}
Completed 406 Not Acceptable in 139ms (ActiveRecord: 0.0ms | Allocations: 1424)


  
ActionController::MissingExactTemplate (FoodsController#index is missing a template for request formats: text/html):
  
actionpack (7.1.3) lib/action_controller/metal/implicit_render.rb:47:in `default_render'
actionpack (7.1.3) lib/action_controller/metal/basic_implicit_render.rb:7:in `send_action'
actionpack (7.1.3) lib/abstract_controller/base.rb:224:in `process_action'
actionpack (7.1.3) lib/action_controller/metal/rendering.rb:165:in `process_action'
actionpack (7.1.3) lib/abstract_controller/callbacks.rb:259:in `block in process_action'
activesupport (7.1.3) lib/active_support/callbacks.rb:121:in `block in run_callbacks'
turbo-rails (2.0.2) lib/turbo-rails.rb:24:in `with_request_id'
turbo-rails (2.0.2) app/controllers/concerns/turbo/request_id_tracking.rb:10:in `turbo_tracking_request_id'
activesupport (7.1.3) lib/active_support/callbacks.rb:130:in `block in run_callbacks'
actiontext (7.1.3) lib/action_text/rendering.rb:23:in `with_renderer'
actiontext (7.1.3) lib/action_text/engine.rb:69:in `block (4 levels) in <class:Engine>'
activesupport (7.1.3) lib/active_support/callbacks.rb:130:in `instance_exec'
activesupport (7.1.3) lib/active_support/callbacks.rb:130:in `block in run_callbacks'
activesupport (7.1.3) lib/active_support/callbacks.rb:141:in `run_callbacks'
actionpack (7.1.3) lib/abstract_controller/callbacks.rb:258:in `process_action'
actionpack (7.1.3) lib/action_controller/metal/rescue.rb:25:in `process_action'
actionpack (7.1.3) lib/action_controller/metal/instrumentation.rb:74:in `block in process_action'
activesupport (7.1.3) lib/active_support/notifications.rb:206:in `block in instrument'
activesupport (7.1.3) lib/active_support/notifications/instrumenter.rb:58:in `instrument'
activesupport (7.1.3) lib/active_support/notifications.rb:206:in `instrument'
actionpack (7.1.3) lib/action_controller/metal/instrumentation.rb:73:in `process_action'
actionpack (7.1.3) lib/action_controller/metal/params_wrapper.rb:261:in `process_action'
activerecord (7.1.3) lib/active_record/railties/controller_runtime.rb:32:in `process_action'
actionpack (7.1.3) lib/abstract_controller/base.rb:160:in `process'
actionview (7.1.3) lib/action_view/rendering.rb:40:in `process'
actionpack (7.1.3) lib/action_controller/metal.rb:227:in `dispatch'
actionpack (7.1.3) lib/action_controller/metal.rb:309:in `dispatch'
actionpack (7.1.3) lib/action_dispatch/routing/route_set.rb:49:in `dispatch'
actionpack (7.1.3) lib/action_dispatch/routing/route_set.rb:32:in `serve'
actionpack (7.1.3) lib/action_dispatch/journey/router.rb:51:in `block in serve'
actionpack (7.1.3) lib/action_dispatch/journey/router.rb:131:in `block in find_routes'
actionpack (7.1.3) lib/action_dispatch/journey/router.rb:124:in `each'
actionpack (7.1.3) lib/action_dispatch/journey/router.rb:124:in `find_routes'
actionpack (7.1.3) lib/action_dispatch/journey/router.rb:32:in `serve'
actionpack (7.1.3) lib/action_dispatch/routing/route_set.rb:882:in `call'
rack (3.0.9) lib/rack/tempfile_reaper.rb:20:in `call'
rack (3.0.9) lib/rack/etag.rb:29:in `call'
rack (3.0.9) lib/rack/conditional_get.rb:31:in `call'
rack (3.0.9) lib/rack/head.rb:15:in `call'
actionpack (7.1.3) lib/action_dispatch/http/permissions_policy.rb:36:in `call'
actionpack (7.1.3) lib/action_dispatch/http/content_security_policy.rb:33:in `call'
rack-session (2.0.0) lib/rack/session/abstract/id.rb:272:in `context'
rack-session (2.0.0) lib/rack/session/abstract/id.rb:266:in `call'
actionpack (7.1.3) lib/action_dispatch/middleware/cookies.rb:689:in `call'
activerecord (7.1.3) lib/active_record/migration.rb:655:in `call'
actionpack (7.1.3) lib/action_dispatch/middleware/callbacks.rb:29:in `block in call'
activesupport (7.1.3) lib/active_support/callbacks.rb:101:in `run_callbacks'
actionpack (7.1.3) lib/action_dispatch/middleware/callbacks.rb:28:in `call'
actionpack (7.1.3) lib/action_dispatch/middleware/executor.rb:14:in `call'
actionpack (7.1.3) lib/action_dispatch/middleware/actionable_exceptions.rb:16:in `call'
actionpack (7.1.3) lib/action_dispatch/middleware/debug_exceptions.rb:29:in `call'
web-console (4.2.1) lib/web_console/middleware.rb:132:in `call_app'
web-console (4.2.1) lib/web_console/middleware.rb:28:in `block in call'
web-console (4.2.1) lib/web_console/middleware.rb:17:in `catch'
web-console (4.2.1) lib/web_console/middleware.rb:17:in `call'
actionpack (7.1.3) lib/action_dispatch/middleware/show_exceptions.rb:31:in `call'
railties (7.1.3) lib/rails/rack/logger.rb:37:in `call_app'
railties (7.1.3) lib/rails/rack/logger.rb:24:in `block in call'
activesupport (7.1.3) lib/active_support/tagged_logging.rb:135:in `block in tagged'
activesupport (7.1.3) lib/active_support/tagged_logging.rb:39:in `tagged'
activesupport (7.1.3) lib/active_support/tagged_logging.rb:135:in `tagged'
activesupport (7.1.3) lib/active_support/broadcast_logger.rb:240:in `method_missing'
railties (7.1.3) lib/rails/rack/logger.rb:24:in `call'
sprockets-rails (3.4.2) lib/sprockets/rails/quiet_assets.rb:13:in `call'
actionpack (7.1.3) lib/action_dispatch/middleware/remote_ip.rb:92:in `call'
actionpack (7.1.3) lib/action_dispatch/middleware/request_id.rb:28:in `call'
rack (3.0.9) lib/rack/method_override.rb:28:in `call'
rack (3.0.9) lib/rack/runtime.rb:24:in `call'
activesupport (7.1.3) lib/active_support/cache/strategy/local_cache_middleware.rb:29:in `call'
actionpack (7.1.3) lib/action_dispatch/middleware/server_timing.rb:59:in `block in call'
actionpack (7.1.3) lib/action_dispatch/middleware/server_timing.rb:24:in `collect_events'
actionpack (7.1.3) lib/action_dispatch/middleware/server_timing.rb:58:in `call'
actionpack (7.1.3) lib/action_dispatch/middleware/executor.rb:14:in `call'
actionpack (7.1.3) lib/action_dispatch/middleware/static.rb:25:in `call'
rack (3.0.9) lib/rack/sendfile.rb:114:in `call'
actionpack (7.1.3) lib/action_dispatch/middleware/host_authorization.rb:141:in `call'
railties (7.1.3) lib/rails/engine.rb:536:in `call'
puma (6.4.2) lib/puma/configuration.rb:272:in `call'
puma (6.4.2) lib/puma/request.rb:100:in `block in handle_request'
puma (6.4.2) lib/puma/thread_pool.rb:378:in `with_force_shutdown'
puma (6.4.2) lib/puma/request.rb:99:in `handle_request'
puma (6.4.2) lib/puma/server.rb:464:in `process_client'
puma (6.4.2) lib/puma/server.rb:245:in `block in run'
puma (6.4.2) lib/puma/thread_pool.rb:155:in `block in spawn_thread'
Started GET "/" for ::1 at 2024-02-16 09:49:05 -0700
Processing by WelcomeController#index as HTML
  Rendering layout layouts/application.html.erb
  Rendering welcome/index.html.erb within layouts/application
  Rendered welcome/index.html.erb within layouts/application (Duration: 0.1ms | Allocations: 112)
  Rendered layout layouts/application.html.erb (Duration: 1.1ms | Allocations: 1662)
Completed 200 OK in 2ms (Views: 1.3ms | ActiveRecord: 0.0ms | Allocations: 1904)


Started GET "/foods?q=&commit=Search" for ::1 at 2024-02-16 09:49:06 -0700
Processing by FoodsController#index as HTML
  Parameters: {"q"=>"", "commit"=>"Search"}
Completed 406 Not Acceptable in 156ms (ActiveRecord: 0.0ms | Allocations: 1423)


  
ActionController::MissingExactTemplate (FoodsController#index is missing a template for request formats: text/html):
  
actionpack (7.1.3) lib/action_controller/metal/implicit_render.rb:47:in `default_render'
actionpack (7.1.3) lib/action_controller/metal/basic_implicit_render.rb:7:in `send_action'
actionpack (7.1.3) lib/abstract_controller/base.rb:224:in `process_action'
actionpack (7.1.3) lib/action_controller/metal/rendering.rb:165:in `process_action'
actionpack (7.1.3) lib/abstract_controller/callbacks.rb:259:in `block in process_action'
activesupport (7.1.3) lib/active_support/callbacks.rb:121:in `block in run_callbacks'
turbo-rails (2.0.2) lib/turbo-rails.rb:24:in `with_request_id'
turbo-rails (2.0.2) app/controllers/concerns/turbo/request_id_tracking.rb:10:in `turbo_tracking_request_id'
activesupport (7.1.3) lib/active_support/callbacks.rb:130:in `block in run_callbacks'
actiontext (7.1.3) lib/action_text/rendering.rb:23:in `with_renderer'
actiontext (7.1.3) lib/action_text/engine.rb:69:in `block (4 levels) in <class:Engine>'
activesupport (7.1.3) lib/active_support/callbacks.rb:130:in `instance_exec'
activesupport (7.1.3) lib/active_support/callbacks.rb:130:in `block in run_callbacks'
activesupport (7.1.3) lib/active_support/callbacks.rb:141:in `run_callbacks'
actionpack (7.1.3) lib/abstract_controller/callbacks.rb:258:in `process_action'
actionpack (7.1.3) lib/action_controller/metal/rescue.rb:25:in `process_action'
actionpack (7.1.3) lib/action_controller/metal/instrumentation.rb:74:in `block in process_action'
activesupport (7.1.3) lib/active_support/notifications.rb:206:in `block in instrument'
activesupport (7.1.3) lib/active_support/notifications/instrumenter.rb:58:in `instrument'
activesupport (7.1.3) lib/active_support/notifications.rb:206:in `instrument'
actionpack (7.1.3) lib/action_controller/metal/instrumentation.rb:73:in `process_action'
actionpack (7.1.3) lib/action_controller/metal/params_wrapper.rb:261:in `process_action'
activerecord (7.1.3) lib/active_record/railties/controller_runtime.rb:32:in `process_action'
actionpack (7.1.3) lib/abstract_controller/base.rb:160:in `process'
actionview (7.1.3) lib/action_view/rendering.rb:40:in `process'
actionpack (7.1.3) lib/action_controller/metal.rb:227:in `dispatch'
actionpack (7.1.3) lib/action_controller/metal.rb:309:in `dispatch'
actionpack (7.1.3) lib/action_dispatch/routing/route_set.rb:49:in `dispatch'
actionpack (7.1.3) lib/action_dispatch/routing/route_set.rb:32:in `serve'
actionpack (7.1.3) lib/action_dispatch/journey/router.rb:51:in `block in serve'
actionpack (7.1.3) lib/action_dispatch/journey/router.rb:131:in `block in find_routes'
actionpack (7.1.3) lib/action_dispatch/journey/router.rb:124:in `each'
actionpack (7.1.3) lib/action_dispatch/journey/router.rb:124:in `find_routes'
actionpack (7.1.3) lib/action_dispatch/journey/router.rb:32:in `serve'
actionpack (7.1.3) lib/action_dispatch/routing/route_set.rb:882:in `call'
rack (3.0.9) lib/rack/tempfile_reaper.rb:20:in `call'
rack (3.0.9) lib/rack/etag.rb:29:in `call'
rack (3.0.9) lib/rack/conditional_get.rb:31:in `call'
rack (3.0.9) lib/rack/head.rb:15:in `call'
actionpack (7.1.3) lib/action_dispatch/http/permissions_policy.rb:36:in `call'
actionpack (7.1.3) lib/action_dispatch/http/content_security_policy.rb:33:in `call'
rack-session (2.0.0) lib/rack/session/abstract/id.rb:272:in `context'
rack-session (2.0.0) lib/rack/session/abstract/id.rb:266:in `call'
actionpack (7.1.3) lib/action_dispatch/middleware/cookies.rb:689:in `call'
activerecord (7.1.3) lib/active_record/migration.rb:655:in `call'
actionpack (7.1.3) lib/action_dispatch/middleware/callbacks.rb:29:in `block in call'
activesupport (7.1.3) lib/active_support/callbacks.rb:101:in `run_callbacks'
actionpack (7.1.3) lib/action_dispatch/middleware/callbacks.rb:28:in `call'
actionpack (7.1.3) lib/action_dispatch/middleware/executor.rb:14:in `call'
actionpack (7.1.3) lib/action_dispatch/middleware/actionable_exceptions.rb:16:in `call'
actionpack (7.1.3) lib/action_dispatch/middleware/debug_exceptions.rb:29:in `call'
web-console (4.2.1) lib/web_console/middleware.rb:132:in `call_app'
web-console (4.2.1) lib/web_console/middleware.rb:28:in `block in call'
web-console (4.2.1) lib/web_console/middleware.rb:17:in `catch'
web-console (4.2.1) lib/web_console/middleware.rb:17:in `call'
actionpack (7.1.3) lib/action_dispatch/middleware/show_exceptions.rb:31:in `call'
railties (7.1.3) lib/rails/rack/logger.rb:37:in `call_app'
railties (7.1.3) lib/rails/rack/logger.rb:24:in `block in call'
activesupport (7.1.3) lib/active_support/tagged_logging.rb:135:in `block in tagged'
activesupport (7.1.3) lib/active_support/tagged_logging.rb:39:in `tagged'
activesupport (7.1.3) lib/active_support/tagged_logging.rb:135:in `tagged'
activesupport (7.1.3) lib/active_support/broadcast_logger.rb:240:in `method_missing'
railties (7.1.3) lib/rails/rack/logger.rb:24:in `call'
sprockets-rails (3.4.2) lib/sprockets/rails/quiet_assets.rb:13:in `call'
actionpack (7.1.3) lib/action_dispatch/middleware/remote_ip.rb:92:in `call'
actionpack (7.1.3) lib/action_dispatch/middleware/request_id.rb:28:in `call'
rack (3.0.9) lib/rack/method_override.rb:28:in `call'
rack (3.0.9) lib/rack/runtime.rb:24:in `call'
activesupport (7.1.3) lib/active_support/cache/strategy/local_cache_middleware.rb:29:in `call'
actionpack (7.1.3) lib/action_dispatch/middleware/server_timing.rb:59:in `block in call'
actionpack (7.1.3) lib/action_dispatch/middleware/server_timing.rb:24:in `collect_events'
actionpack (7.1.3) lib/action_dispatch/middleware/server_timing.rb:58:in `call'
actionpack (7.1.3) lib/action_dispatch/middleware/executor.rb:14:in `call'
actionpack (7.1.3) lib/action_dispatch/middleware/static.rb:25:in `call'
rack (3.0.9) lib/rack/sendfile.rb:114:in `call'
actionpack (7.1.3) lib/action_dispatch/middleware/host_authorization.rb:141:in `call'
railties (7.1.3) lib/rails/engine.rb:536:in `call'
puma (6.4.2) lib/puma/configuration.rb:272:in `call'
puma (6.4.2) lib/puma/request.rb:100:in `block in handle_request'
puma (6.4.2) lib/puma/thread_pool.rb:378:in `with_force_shutdown'
puma (6.4.2) lib/puma/request.rb:99:in `handle_request'
puma (6.4.2) lib/puma/server.rb:464:in `process_client'
puma (6.4.2) lib/puma/server.rb:245:in `block in run'
puma (6.4.2) lib/puma/thread_pool.rb:155:in `block in spawn_thread'
Started GET "/" for ::1 at 2024-02-16 09:49:07 -0700
Processing by WelcomeController#index as HTML
  Rendering layout layouts/application.html.erb
  Rendering welcome/index.html.erb within layouts/application
  Rendered welcome/index.html.erb within layouts/application (Duration: 0.2ms | Allocations: 112)
  Rendered layout layouts/application.html.erb (Duration: 1.3ms | Allocations: 1689)
Completed 200 OK in 2ms (Views: 1.5ms | ActiveRecord: 0.0ms | Allocations: 1931)


Started GET "/foods?q=&commit=Search" for ::1 at 2024-02-16 09:49:12 -0700
Processing by FoodsController#index as HTML
  Parameters: {"q"=>"", "commit"=>"Search"}
Completed 406 Not Acceptable in 146ms (ActiveRecord: 0.0ms | Allocations: 1425)


  
ActionController::MissingExactTemplate (FoodsController#index is missing a template for request formats: text/html):
  
actionpack (7.1.3) lib/action_controller/metal/implicit_render.rb:47:in `default_render'
actionpack (7.1.3) lib/action_controller/metal/basic_implicit_render.rb:7:in `send_action'
actionpack (7.1.3) lib/abstract_controller/base.rb:224:in `process_action'
actionpack (7.1.3) lib/action_controller/metal/rendering.rb:165:in `process_action'
actionpack (7.1.3) lib/abstract_controller/callbacks.rb:259:in `block in process_action'
activesupport (7.1.3) lib/active_support/callbacks.rb:121:in `block in run_callbacks'
turbo-rails (2.0.2) lib/turbo-rails.rb:24:in `with_request_id'
turbo-rails (2.0.2) app/controllers/concerns/turbo/request_id_tracking.rb:10:in `turbo_tracking_request_id'
activesupport (7.1.3) lib/active_support/callbacks.rb:130:in `block in run_callbacks'
actiontext (7.1.3) lib/action_text/rendering.rb:23:in `with_renderer'
actiontext (7.1.3) lib/action_text/engine.rb:69:in `block (4 levels) in <class:Engine>'
activesupport (7.1.3) lib/active_support/callbacks.rb:130:in `instance_exec'
activesupport (7.1.3) lib/active_support/callbacks.rb:130:in `block in run_callbacks'
activesupport (7.1.3) lib/active_support/callbacks.rb:141:in `run_callbacks'
actionpack (7.1.3) lib/abstract_controller/callbacks.rb:258:in `process_action'
actionpack (7.1.3) lib/action_controller/metal/rescue.rb:25:in `process_action'
actionpack (7.1.3) lib/action_controller/metal/instrumentation.rb:74:in `block in process_action'
activesupport (7.1.3) lib/active_support/notifications.rb:206:in `block in instrument'
activesupport (7.1.3) lib/active_support/notifications/instrumenter.rb:58:in `instrument'
activesupport (7.1.3) lib/active_support/notifications.rb:206:in `instrument'
actionpack (7.1.3) lib/action_controller/metal/instrumentation.rb:73:in `process_action'
actionpack (7.1.3) lib/action_controller/metal/params_wrapper.rb:261:in `process_action'
activerecord (7.1.3) lib/active_record/railties/controller_runtime.rb:32:in `process_action'
actionpack (7.1.3) lib/abstract_controller/base.rb:160:in `process'
actionview (7.1.3) lib/action_view/rendering.rb:40:in `process'
actionpack (7.1.3) lib/action_controller/metal.rb:227:in `dispatch'
actionpack (7.1.3) lib/action_controller/metal.rb:309:in `dispatch'
actionpack (7.1.3) lib/action_dispatch/routing/route_set.rb:49:in `dispatch'
actionpack (7.1.3) lib/action_dispatch/routing/route_set.rb:32:in `serve'
actionpack (7.1.3) lib/action_dispatch/journey/router.rb:51:in `block in serve'
actionpack (7.1.3) lib/action_dispatch/journey/router.rb:131:in `block in find_routes'
actionpack (7.1.3) lib/action_dispatch/journey/router.rb:124:in `each'
actionpack (7.1.3) lib/action_dispatch/journey/router.rb:124:in `find_routes'
actionpack (7.1.3) lib/action_dispatch/journey/router.rb:32:in `serve'
actionpack (7.1.3) lib/action_dispatch/routing/route_set.rb:882:in `call'
rack (3.0.9) lib/rack/tempfile_reaper.rb:20:in `call'
rack (3.0.9) lib/rack/etag.rb:29:in `call'
rack (3.0.9) lib/rack/conditional_get.rb:31:in `call'
rack (3.0.9) lib/rack/head.rb:15:in `call'
actionpack (7.1.3) lib/action_dispatch/http/permissions_policy.rb:36:in `call'
actionpack (7.1.3) lib/action_dispatch/http/content_security_policy.rb:33:in `call'
rack-session (2.0.0) lib/rack/session/abstract/id.rb:272:in `context'
rack-session (2.0.0) lib/rack/session/abstract/id.rb:266:in `call'
actionpack (7.1.3) lib/action_dispatch/middleware/cookies.rb:689:in `call'
activerecord (7.1.3) lib/active_record/migration.rb:655:in `call'
actionpack (7.1.3) lib/action_dispatch/middleware/callbacks.rb:29:in `block in call'
activesupport (7.1.3) lib/active_support/callbacks.rb:101:in `run_callbacks'
actionpack (7.1.3) lib/action_dispatch/middleware/callbacks.rb:28:in `call'
actionpack (7.1.3) lib/action_dispatch/middleware/executor.rb:14:in `call'
actionpack (7.1.3) lib/action_dispatch/middleware/actionable_exceptions.rb:16:in `call'
actionpack (7.1.3) lib/action_dispatch/middleware/debug_exceptions.rb:29:in `call'
web-console (4.2.1) lib/web_console/middleware.rb:132:in `call_app'
web-console (4.2.1) lib/web_console/middleware.rb:28:in `block in call'
web-console (4.2.1) lib/web_console/middleware.rb:17:in `catch'
web-console (4.2.1) lib/web_console/middleware.rb:17:in `call'
actionpack (7.1.3) lib/action_dispatch/middleware/show_exceptions.rb:31:in `call'
railties (7.1.3) lib/rails/rack/logger.rb:37:in `call_app'
railties (7.1.3) lib/rails/rack/logger.rb:24:in `block in call'
activesupport (7.1.3) lib/active_support/tagged_logging.rb:135:in `block in tagged'
activesupport (7.1.3) lib/active_support/tagged_logging.rb:39:in `tagged'
activesupport (7.1.3) lib/active_support/tagged_logging.rb:135:in `tagged'
activesupport (7.1.3) lib/active_support/broadcast_logger.rb:240:in `method_missing'
railties (7.1.3) lib/rails/rack/logger.rb:24:in `call'
sprockets-rails (3.4.2) lib/sprockets/rails/quiet_assets.rb:13:in `call'
actionpack (7.1.3) lib/action_dispatch/middleware/remote_ip.rb:92:in `call'
actionpack (7.1.3) lib/action_dispatch/middleware/request_id.rb:28:in `call'
rack (3.0.9) lib/rack/method_override.rb:28:in `call'
rack (3.0.9) lib/rack/runtime.rb:24:in `call'
activesupport (7.1.3) lib/active_support/cache/strategy/local_cache_middleware.rb:29:in `call'
actionpack (7.1.3) lib/action_dispatch/middleware/server_timing.rb:59:in `block in call'
actionpack (7.1.3) lib/action_dispatch/middleware/server_timing.rb:24:in `collect_events'
actionpack (7.1.3) lib/action_dispatch/middleware/server_timing.rb:58:in `call'
actionpack (7.1.3) lib/action_dispatch/middleware/executor.rb:14:in `call'
actionpack (7.1.3) lib/action_dispatch/middleware/static.rb:25:in `call'
rack (3.0.9) lib/rack/sendfile.rb:114:in `call'
actionpack (7.1.3) lib/action_dispatch/middleware/host_authorization.rb:141:in `call'
railties (7.1.3) lib/rails/engine.rb:536:in `call'
puma (6.4.2) lib/puma/configuration.rb:272:in `call'
puma (6.4.2) lib/puma/request.rb:100:in `block in handle_request'
puma (6.4.2) lib/puma/thread_pool.rb:378:in `with_force_shutdown'
puma (6.4.2) lib/puma/request.rb:99:in `handle_request'
puma (6.4.2) lib/puma/server.rb:464:in `process_client'
puma (6.4.2) lib/puma/server.rb:245:in `block in run'
puma (6.4.2) lib/puma/thread_pool.rb:155:in `block in spawn_thread'
Started GET "/" for ::1 at 2024-02-16 09:49:12 -0700
Processing by WelcomeController#index as HTML
  Rendering layout layouts/application.html.erb
  Rendering welcome/index.html.erb within layouts/application
  Rendered welcome/index.html.erb within layouts/application (Duration: 0.2ms | Allocations: 112)
  Rendered layout layouts/application.html.erb (Duration: 1.3ms | Allocations: 1668)
Completed 200 OK in 2ms (Views: 1.5ms | ActiveRecord: 0.0ms | Allocations: 1910)


Started GET "/" for ::1 at 2024-02-16 09:49:13 -0700
Processing by WelcomeController#index as HTML
  Rendering layout layouts/application.html.erb
  Rendering welcome/index.html.erb within layouts/application
  Rendered welcome/index.html.erb within layouts/application (Duration: 0.4ms | Allocations: 112)
  Rendered layout layouts/application.html.erb (Duration: 2.9ms | Allocations: 1669)
Completed 200 OK in 4ms (Views: 3.4ms | ActiveRecord: 0.0ms | Allocations: 1910)


Started GET "/foods?q=sweet+potatoes&commit=Search" for ::1 at 2024-02-16 09:49:39 -0700
Processing by FoodsController#index as HTML
  Parameters: {"q"=>"sweet potatoes", "commit"=>"Search"}
Completed 406 Not Acceptable in 142ms (ActiveRecord: 0.0ms | Allocations: 1433)


  
ActionController::MissingExactTemplate (FoodsController#index is missing a template for request formats: text/html):
  
actionpack (7.1.3) lib/action_controller/metal/implicit_render.rb:47:in `default_render'
actionpack (7.1.3) lib/action_controller/metal/basic_implicit_render.rb:7:in `send_action'
actionpack (7.1.3) lib/abstract_controller/base.rb:224:in `process_action'
actionpack (7.1.3) lib/action_controller/metal/rendering.rb:165:in `process_action'
actionpack (7.1.3) lib/abstract_controller/callbacks.rb:259:in `block in process_action'
activesupport (7.1.3) lib/active_support/callbacks.rb:121:in `block in run_callbacks'
turbo-rails (2.0.2) lib/turbo-rails.rb:24:in `with_request_id'
turbo-rails (2.0.2) app/controllers/concerns/turbo/request_id_tracking.rb:10:in `turbo_tracking_request_id'
activesupport (7.1.3) lib/active_support/callbacks.rb:130:in `block in run_callbacks'
actiontext (7.1.3) lib/action_text/rendering.rb:23:in `with_renderer'
actiontext (7.1.3) lib/action_text/engine.rb:69:in `block (4 levels) in <class:Engine>'
activesupport (7.1.3) lib/active_support/callbacks.rb:130:in `instance_exec'
activesupport (7.1.3) lib/active_support/callbacks.rb:130:in `block in run_callbacks'
activesupport (7.1.3) lib/active_support/callbacks.rb:141:in `run_callbacks'
actionpack (7.1.3) lib/abstract_controller/callbacks.rb:258:in `process_action'
actionpack (7.1.3) lib/action_controller/metal/rescue.rb:25:in `process_action'
actionpack (7.1.3) lib/action_controller/metal/instrumentation.rb:74:in `block in process_action'
activesupport (7.1.3) lib/active_support/notifications.rb:206:in `block in instrument'
activesupport (7.1.3) lib/active_support/notifications/instrumenter.rb:58:in `instrument'
activesupport (7.1.3) lib/active_support/notifications.rb:206:in `instrument'
actionpack (7.1.3) lib/action_controller/metal/instrumentation.rb:73:in `process_action'
actionpack (7.1.3) lib/action_controller/metal/params_wrapper.rb:261:in `process_action'
activerecord (7.1.3) lib/active_record/railties/controller_runtime.rb:32:in `process_action'
actionpack (7.1.3) lib/abstract_controller/base.rb:160:in `process'
actionview (7.1.3) lib/action_view/rendering.rb:40:in `process'
actionpack (7.1.3) lib/action_controller/metal.rb:227:in `dispatch'
actionpack (7.1.3) lib/action_controller/metal.rb:309:in `dispatch'
actionpack (7.1.3) lib/action_dispatch/routing/route_set.rb:49:in `dispatch'
actionpack (7.1.3) lib/action_dispatch/routing/route_set.rb:32:in `serve'
actionpack (7.1.3) lib/action_dispatch/journey/router.rb:51:in `block in serve'
actionpack (7.1.3) lib/action_dispatch/journey/router.rb:131:in `block in find_routes'
actionpack (7.1.3) lib/action_dispatch/journey/router.rb:124:in `each'
actionpack (7.1.3) lib/action_dispatch/journey/router.rb:124:in `find_routes'
actionpack (7.1.3) lib/action_dispatch/journey/router.rb:32:in `serve'
actionpack (7.1.3) lib/action_dispatch/routing/route_set.rb:882:in `call'
rack (3.0.9) lib/rack/tempfile_reaper.rb:20:in `call'
rack (3.0.9) lib/rack/etag.rb:29:in `call'
rack (3.0.9) lib/rack/conditional_get.rb:31:in `call'
rack (3.0.9) lib/rack/head.rb:15:in `call'
actionpack (7.1.3) lib/action_dispatch/http/permissions_policy.rb:36:in `call'
actionpack (7.1.3) lib/action_dispatch/http/content_security_policy.rb:33:in `call'
rack-session (2.0.0) lib/rack/session/abstract/id.rb:272:in `context'
rack-session (2.0.0) lib/rack/session/abstract/id.rb:266:in `call'
actionpack (7.1.3) lib/action_dispatch/middleware/cookies.rb:689:in `call'
activerecord (7.1.3) lib/active_record/migration.rb:655:in `call'
actionpack (7.1.3) lib/action_dispatch/middleware/callbacks.rb:29:in `block in call'
activesupport (7.1.3) lib/active_support/callbacks.rb:101:in `run_callbacks'
actionpack (7.1.3) lib/action_dispatch/middleware/callbacks.rb:28:in `call'
actionpack (7.1.3) lib/action_dispatch/middleware/executor.rb:14:in `call'
actionpack (7.1.3) lib/action_dispatch/middleware/actionable_exceptions.rb:16:in `call'
actionpack (7.1.3) lib/action_dispatch/middleware/debug_exceptions.rb:29:in `call'
web-console (4.2.1) lib/web_console/middleware.rb:132:in `call_app'
web-console (4.2.1) lib/web_console/middleware.rb:28:in `block in call'
web-console (4.2.1) lib/web_console/middleware.rb:17:in `catch'
web-console (4.2.1) lib/web_console/middleware.rb:17:in `call'
actionpack (7.1.3) lib/action_dispatch/middleware/show_exceptions.rb:31:in `call'
railties (7.1.3) lib/rails/rack/logger.rb:37:in `call_app'
railties (7.1.3) lib/rails/rack/logger.rb:24:in `block in call'
activesupport (7.1.3) lib/active_support/tagged_logging.rb:135:in `block in tagged'
activesupport (7.1.3) lib/active_support/tagged_logging.rb:39:in `tagged'
activesupport (7.1.3) lib/active_support/tagged_logging.rb:135:in `tagged'
activesupport (7.1.3) lib/active_support/broadcast_logger.rb:240:in `method_missing'
railties (7.1.3) lib/rails/rack/logger.rb:24:in `call'
sprockets-rails (3.4.2) lib/sprockets/rails/quiet_assets.rb:13:in `call'
actionpack (7.1.3) lib/action_dispatch/middleware/remote_ip.rb:92:in `call'
actionpack (7.1.3) lib/action_dispatch/middleware/request_id.rb:28:in `call'
rack (3.0.9) lib/rack/method_override.rb:28:in `call'
rack (3.0.9) lib/rack/runtime.rb:24:in `call'
activesupport (7.1.3) lib/active_support/cache/strategy/local_cache_middleware.rb:29:in `call'
actionpack (7.1.3) lib/action_dispatch/middleware/server_timing.rb:59:in `block in call'
actionpack (7.1.3) lib/action_dispatch/middleware/server_timing.rb:24:in `collect_events'
actionpack (7.1.3) lib/action_dispatch/middleware/server_timing.rb:58:in `call'
actionpack (7.1.3) lib/action_dispatch/middleware/executor.rb:14:in `call'
actionpack (7.1.3) lib/action_dispatch/middleware/static.rb:25:in `call'
rack (3.0.9) lib/rack/sendfile.rb:114:in `call'
actionpack (7.1.3) lib/action_dispatch/middleware/host_authorization.rb:141:in `call'
railties (7.1.3) lib/rails/engine.rb:536:in `call'
puma (6.4.2) lib/puma/configuration.rb:272:in `call'
puma (6.4.2) lib/puma/request.rb:100:in `block in handle_request'
puma (6.4.2) lib/puma/thread_pool.rb:378:in `with_force_shutdown'
puma (6.4.2) lib/puma/request.rb:99:in `handle_request'
puma (6.4.2) lib/puma/server.rb:464:in `process_client'
puma (6.4.2) lib/puma/server.rb:245:in `block in run'
puma (6.4.2) lib/puma/thread_pool.rb:155:in `block in spawn_thread'
Started GET "/" for ::1 at 2024-02-16 09:49:39 -0700
Processing by WelcomeController#index as HTML
  Rendering layout layouts/application.html.erb
  Rendering welcome/index.html.erb within layouts/application
  Rendered welcome/index.html.erb within layouts/application (Duration: 0.2ms | Allocations: 112)
  Rendered layout layouts/application.html.erb (Duration: 1.5ms | Allocations: 1671)
Completed 200 OK in 2ms (Views: 1.7ms | ActiveRecord: 0.0ms | Allocations: 1913)


Started GET "/foods?q=sweet+potatoes&commit=Search" for ::1 at 2024-02-16 09:49:52 -0700
Processing by FoodsController#index as HTML
  Parameters: {"q"=>"sweet potatoes", "commit"=>"Search"}
Completed 500 Internal Server Error in 80224ms (ActiveRecord: 0.0ms | Allocations: 56644)


  
SystemExit (exit):
  
app/controllers/foods_controller.rb:11:in `index'
Started GET "/" for ::1 at 2024-02-16 09:54:46 -0700
Processing by WelcomeController#index as HTML
  Rendering layout layouts/application.html.erb
  Rendering welcome/index.html.erb within layouts/application
  Rendered welcome/index.html.erb within layouts/application (Duration: 1.3ms | Allocations: 370)
  Rendered layout layouts/application.html.erb (Duration: 16.9ms | Allocations: 15775)
Completed 200 OK in 20ms (Views: 18.9ms | ActiveRecord: 0.0ms | Allocations: 16673)


Started GET "/foods?q=sweet+potatoes&commit=Search" for ::1 at 2024-02-16 09:54:48 -0700
Processing by FoodsController#index as HTML
  Parameters: {"q"=>"sweet potatoes", "commit"=>"Search"}
Started GET "/" for ::1 at 2024-02-16 09:59:22 -0700
Completed 500 Internal Server Error in 372265ms (ActiveRecord: 0.0ms | Allocations: 1576863)


  
Errno::EIO (Input/output error @ io_writev - <STDOUT>):
  
app/controllers/foods_controller.rb:13:in `index'
Started GET "/" for ::1 at 2024-02-16 10:01:01 -0700
Started GET "/" for ::1 at 2024-02-16 10:01:01 -0700
Started GET "/foods?q=sweet+potatoes&commit=Search" for ::1 at 2024-02-16 10:01:01 -0700
Started GET "/foods?q=sweet+potatoes&commit=Search" for ::1 at 2024-02-16 10:01:01 -0700
Processing by WelcomeController#index as HTML
  Rendering layout layouts/application.html.erb
  Rendering welcome/index.html.erb within layouts/application
  Rendered welcome/index.html.erb within layouts/application (Duration: 0.4ms | Allocations: 370)
  Rendered layout layouts/application.html.erb (Duration: 9.2ms | Allocations: 16770)
Completed 200 OK in 11ms (Views: 10.1ms | ActiveRecord: 0.0ms | Allocations: 18577)


Processing by WelcomeController#index as HTML
Processing by FoodsController#index as HTML
Processing by WelcomeController#index as HTML
Processing by FoodsController#index as HTML
  Parameters: {"q"=>"sweet potatoes", "commit"=>"Search"}
  Parameters: {"q"=>"sweet potatoes", "commit"=>"Search"}
  Rendering layout layouts/application.html.erb
  Rendering layout layouts/application.html.erb
  Rendering welcome/index.html.erb within layouts/application
  Rendering welcome/index.html.erb within layouts/application
  Rendered welcome/index.html.erb within layouts/application (Duration: 0.3ms | Allocations: 835)
  Rendered welcome/index.html.erb within layouts/application (Duration: 0.4ms | Allocations: 545)
  Rendered layout layouts/application.html.erb (Duration: 7.9ms | Allocations: 27222)
  Rendered layout layouts/application.html.erb (Duration: 8.9ms | Allocations: 32701)
Completed 200 OK in 21ms (Views: 13.8ms | ActiveRecord: 0.0ms | Allocations: 37769)


Completed 200 OK in 22ms (Views: 21.0ms | ActiveRecord: 0.0ms | Allocations: 37472)


Completed 500 Internal Server Error in 985ms (ActiveRecord: 0.0ms | Allocations: 63483)


  
Errno::EIO (Input/output error @ io_write - <STDOUT>):
  
app/controllers/foods_controller.rb:11:in `index'
Completed 500 Internal Server Error in 1095ms (ActiveRecord: 0.0ms | Allocations: 332014)


  
Errno::EIO (Input/output error @ io_write - <STDOUT>):
  
app/controllers/foods_controller.rb:11:in `index'
Started GET "/" for ::1 at 2024-02-16 10:01:28 -0700
  [1m[36mActiveRecord::SchemaMigration Load (2.6ms)[0m  [1m[34mSELECT "schema_migrations"."version" FROM "schema_migrations" ORDER BY "schema_migrations"."version" ASC[0m
Processing by WelcomeController#index as HTML
  Rendering layout layouts/application.html.erb
  Rendering welcome/index.html.erb within layouts/application
  Rendered welcome/index.html.erb within layouts/application (Duration: 0.4ms | Allocations: 642)
  Rendered layout layouts/application.html.erb (Duration: 30.7ms | Allocations: 35104)
Completed 200 OK in 37ms (Views: 33.3ms | ActiveRecord: 0.0ms | Allocations: 39190)


Started GET "/foods?q=&commit=Search" for ::1 at 2024-02-16 10:01:31 -0700
Processing by FoodsController#index as HTML
  Parameters: {"q"=>"", "commit"=>"Search"}
Started GET "/" for ::1 at 2024-02-16 10:01:33 -0700
Processing by WelcomeController#index as HTML
  Rendering layout layouts/application.html.erb
  Rendering welcome/index.html.erb within layouts/application
  Rendered welcome/index.html.erb within layouts/application (Duration: 0.6ms | Allocations: 112)
  Rendered layout layouts/application.html.erb (Duration: 3.6ms | Allocations: 1663)
Completed 200 OK in 5ms (Views: 4.3ms | ActiveRecord: 0.0ms | Allocations: 1913)


Started GET "/foods?q=sweet+potatoes&commit=Search" for ::1 at 2024-02-16 10:01:34 -0700
Processing by FoodsController#index as HTML
  Parameters: {"q"=>"sweet potatoes", "commit"=>"Search"}
Completed 500 Internal Server Error in 206786ms (ActiveRecord: 0.0ms | Allocations: 419579)


  
SystemExit (exit):
  
app/controllers/foods_controller.rb:11:in `index'
Started GET "/" for ::1 at 2024-02-16 10:10:42 -0700
Completed 500 Internal Server Error in 580794ms (ActiveRecord: 0.0ms | Allocations: 971312)


  
SystemExit (exit):
  
app/controllers/foods_controller.rb:11:in `index'
Started GET "/" for ::1 at 2024-02-16 10:11:12 -0700
Processing by WelcomeController#index as HTML
  Rendering layout layouts/application.html.erb
  Rendering welcome/index.html.erb within layouts/application
  Rendered welcome/index.html.erb within layouts/application (Duration: 0.3ms | Allocations: 370)
  Rendered layout layouts/application.html.erb (Duration: 10.5ms | Allocations: 15786)
Completed 200 OK in 12ms (Views: 11.3ms | ActiveRecord: 0.0ms | Allocations: 16693)


Processing by WelcomeController#index as HTML
  Rendering layout layouts/application.html.erb
  Rendering welcome/index.html.erb within layouts/application
  Rendered welcome/index.html.erb within layouts/application (Duration: 0.7ms | Allocations: 370)
  Rendered layout layouts/application.html.erb (Duration: 5.1ms | Allocations: 15628)
Completed 200 OK in 6ms (Views: 5.7ms | ActiveRecord: 0.0ms | Allocations: 16529)


Started GET "/foods?q=sweet+potatoes&commit=Search" for ::1 at 2024-02-16 10:11:16 -0700
Processing by FoodsController#index as HTML
  Parameters: {"q"=>"sweet potatoes", "commit"=>"Search"}
  Rendering layout layouts/application.html.erb
  Rendering foods/index.html.erb within layouts/application
  Rendered foods/index.html.erb within layouts/application (Duration: 1.2ms | Allocations: 219)
  Rendered layout layouts/application.html.erb (Duration: 4.4ms | Allocations: 1791)
Completed 200 OK in 944ms (Views: 6.0ms | ActiveRecord: 0.0ms | Allocations: 18675)


Started GET "/foods?q=sweet+potatoes&commit=Search" for ::1 at 2024-02-16 10:12:05 -0700
Processing by FoodsController#index as HTML
  Parameters: {"q"=>"sweet potatoes", "commit"=>"Search"}
Started GET "/foods?q=sweet+potatoes&commit=Search" for ::1 at 2024-02-16 10:12:08 -0700
  Rendering layout layouts/application.html.erb
  Rendering foods/index.html.erb within layouts/application
  Rendered foods/index.html.erb within layouts/application (Duration: 1.7ms | Allocations: 218)
  Rendered layout layouts/application.html.erb (Duration: 18.7ms | Allocations: 15635)
Completed 200 OK in 93894ms (Views: 27.9ms | ActiveRecord: 0.0ms | Allocations: 392001)


Processing by FoodsController#index as HTML
  Parameters: {"q"=>"sweet potatoes", "commit"=>"Search"}
  Rendering layout layouts/application.html.erb
  Rendering foods/index.html.erb within layouts/application
  Rendered foods/index.html.erb within layouts/application (Duration: 0.7ms | Allocations: 212)
  Rendered layout layouts/application.html.erb (Duration: 20.6ms | Allocations: 15496)
Completed 200 OK in 3806ms (Views: 23.4ms | ActiveRecord: 0.0ms | Allocations: 46135)


Started GET "/foods?q=sweet+potatoes&commit=Search" for ::1 at 2024-02-16 10:17:11 -0700
Processing by FoodsController#index as HTML
  Parameters: {"q"=>"sweet potatoes", "commit"=>"Search"}
Started GET "/" for ::1 at 2024-02-16 10:17:13 -0700
Completed 500 Internal Server Error in 16936ms (ActiveRecord: 0.0ms | Allocations: 34747)


  
SystemExit (exit):
  
app/controllers/foods_controller.rb:11:in `index'
Processing by WelcomeController#index as HTML
  Rendering layout layouts/application.html.erb
  Rendering welcome/index.html.erb within layouts/application
  Rendered welcome/index.html.erb within layouts/application (Duration: 0.3ms | Allocations: 370)
  Rendered layout layouts/application.html.erb (Duration: 8.4ms | Allocations: 15807)
Completed 200 OK in 10ms (Views: 9.2ms | ActiveRecord: 0.0ms | Allocations: 16710)


Started GET "/foods?q=sweet+potatoes&commit=Search" for ::1 at 2024-02-16 10:17:48 -0700
  [1m[36mActiveRecord::SchemaMigration Load (1.4ms)[0m  [1m[34mSELECT "schema_migrations"."version" FROM "schema_migrations" ORDER BY "schema_migrations"."version" ASC[0m
Processing by FoodsController#index as HTML
  Parameters: {"q"=>"sweet potatoes", "commit"=>"Search"}
  Rendering layout layouts/application.html.erb
  Rendering foods/index.html.erb within layouts/application
  Rendered foods/index.html.erb within layouts/application (Duration: 0.7ms | Allocations: 368)
  Rendered layout layouts/application.html.erb (Duration: 35.8ms | Allocations: 35014)
Completed 200 OK in 1267ms (Views: 40.8ms | ActiveRecord: 0.0ms | Allocations: 56279)


Started GET "/foods?q=cheese+burger&commit=Search" for ::1 at 2024-02-16 10:18:22 -0700
Processing by FoodsController#index as HTML
  Parameters: {"q"=>"cheese burger", "commit"=>"Search"}
  Rendering layout layouts/application.html.erb
  Rendering foods/index.html.erb within layouts/application
  Rendered foods/index.html.erb within layouts/application (Duration: 0.2ms | Allocations: 25)
  Rendered layout layouts/application.html.erb (Duration: 5.2ms | Allocations: 1566)
Completed 200 OK in 830ms (Views: 6.4ms | ActiveRecord: 0.0ms | Allocations: 28496)


Started GET "/foods?q=stella+artois&commit=Search" for ::1 at 2024-02-16 10:18:48 -0700
Processing by FoodsController#index as HTML
  Parameters: {"q"=>"stella artois", "commit"=>"Search"}
  Rendering layout layouts/application.html.erb
  Rendering foods/index.html.erb within layouts/application
  Rendered foods/index.html.erb within layouts/application (Duration: 0.3ms | Allocations: 53)
  Rendered layout layouts/application.html.erb (Duration: 7.4ms | Allocations: 1583)
Completed 200 OK in 437ms (Views: 9.1ms | ActiveRecord: 0.0ms | Allocations: 10626)


